{"total": {"lines":{"total":37,"covered":35,"skipped":0,"pct":94.59},"statements":{"total":39,"covered":37,"skipped":0,"pct":94.87},"functions":{"total":11,"covered":10,"skipped":0,"pct":90.91},"branches":{"total":8,"covered":4,"skipped":0,"pct":50}}
,"/home/luoxi/work/luoxigit/egg-kafka-js/agent.js": {"lines":{"total":3,"covered":3,"skipped":0,"pct":100},"functions":{"total":1,"covered":1,"skipped":0,"pct":100},"statements":{"total":4,"covered":4,"skipped":0,"pct":100},"branches":{"total":2,"covered":1,"skipped":0,"pct":50}}
,"/home/luoxi/work/luoxigit/egg-kafka-js/app.js": {"lines":{"total":3,"covered":3,"skipped":0,"pct":100},"functions":{"total":1,"covered":1,"skipped":0,"pct":100},"statements":{"total":4,"covered":4,"skipped":0,"pct":100},"branches":{"total":2,"covered":1,"skipped":0,"pct":50}}
,"/home/luoxi/work/luoxigit/egg-kafka-js/config/config.default.js": {"lines":{"total":1,"covered":1,"skipped":0,"pct":100},"functions":{"total":0,"covered":0,"skipped":0,"pct":100},"statements":{"total":1,"covered":1,"skipped":0,"pct":100},"branches":{"total":0,"covered":0,"skipped":0,"pct":100}}
,"/home/luoxi/work/luoxigit/egg-kafka-js/lib/client.js": {"lines":{"total":3,"covered":3,"skipped":0,"pct":100},"functions":{"total":1,"covered":1,"skipped":0,"pct":100},"statements":{"total":3,"covered":3,"skipped":0,"pct":100},"branches":{"total":0,"covered":0,"skipped":0,"pct":100}}
,"/home/luoxi/work/luoxigit/egg-kafka-js/lib/index.js": {"lines":{"total":12,"covered":11,"skipped":0,"pct":91.67},"functions":{"total":3,"covered":3,"skipped":0,"pct":100},"statements":{"total":12,"covered":11,"skipped":0,"pct":91.67},"branches":{"total":4,"covered":2,"skipped":0,"pct":50}}
,"/home/luoxi/work/luoxigit/egg-kafka-js/lib/producer.js": {"lines":{"total":15,"covered":14,"skipped":0,"pct":93.33},"functions":{"total":5,"covered":4,"skipped":0,"pct":80},"statements":{"total":15,"covered":14,"skipped":0,"pct":93.33},"branches":{"total":0,"covered":0,"skipped":0,"pct":100}}
}
