{"/home/luoxi/work/luoxigit/egg-kafka-js/agent.js": {"path":"/home/luoxi/work/luoxigit/egg-kafka-js/agent.js","statementMap":{"0":{"start":{"line":3,"column":14},"end":{"line":3,"column":36}},"1":{"start":{"line":5,"column":0},"end":{"line":7,"column":2}},"2":{"start":{"line":6,"column":2},"end":{"line":6,"column":45}},"3":{"start":{"line":6,"column":32},"end":{"line":6,"column":45}}},"fnMap":{"0":{"name":"(anonymous_0)","decl":{"start":{"line":5,"column":17},"end":{"line":5,"column":18}},"loc":{"start":{"line":5,"column":26},"end":{"line":7,"column":1}},"line":5}},"branchMap":{"0":{"loc":{"start":{"line":6,"column":2},"end":{"line":6,"column":45}},"type":"if","locations":[{"start":{"line":6,"column":2},"end":{"line":6,"column":45}},{"start":{"line":6,"column":2},"end":{"line":6,"column":45}}],"line":6}},"s":{"0":1,"1":1,"2":1,"3":1},"f":{"0":1},"b":{"0":[1,0]},"_coverageSchema":"43e27e138ebf9cfc5966b082cf9a028302ed4184","hash":"1d2cefdc91904759a71f5c6b47ac71b53337fea9","contentHash":"dd4c88934d0db3cabf0ea7b1488d1deaef4b3a6c096850393be387dd32a55614"}
,"/home/luoxi/work/luoxigit/egg-kafka-js/app.js": {"path":"/home/luoxi/work/luoxigit/egg-kafka-js/app.js","statementMap":{"0":{"start":{"line":3,"column":14},"end":{"line":3,"column":36}},"1":{"start":{"line":5,"column":0},"end":{"line":7,"column":2}},"2":{"start":{"line":6,"column":2},"end":{"line":6,"column":39}},"3":{"start":{"line":6,"column":28},"end":{"line":6,"column":39}}},"fnMap":{"0":{"name":"(anonymous_0)","decl":{"start":{"line":5,"column":17},"end":{"line":5,"column":18}},"loc":{"start":{"line":5,"column":24},"end":{"line":7,"column":1}},"line":5}},"branchMap":{"0":{"loc":{"start":{"line":6,"column":2},"end":{"line":6,"column":39}},"type":"if","locations":[{"start":{"line":6,"column":2},"end":{"line":6,"column":39}},{"start":{"line":6,"column":2},"end":{"line":6,"column":39}}],"line":6}},"s":{"0":1,"1":1,"2":1,"3":1},"f":{"0":1},"b":{"0":[1,0]},"_coverageSchema":"43e27e138ebf9cfc5966b082cf9a028302ed4184","hash":"b4ed9b27ff8f906dd999acad9a4a8f1d08a59cd7","contentHash":"a46dfe27bd4d01d3d1f01ca89f34d76da75c47066dd86c4676b7f21436e9bdcd"}
,"/home/luoxi/work/luoxigit/egg-kafka-js/config/config.default.js": {"path":"/home/luoxi/work/luoxigit/egg-kafka-js/config/config.default.js","statementMap":{"0":{"start":{"line":8,"column":0},"end":{"line":14,"column":2}}},"fnMap":{},"branchMap":{},"s":{"0":1},"f":{},"b":{},"_coverageSchema":"43e27e138ebf9cfc5966b082cf9a028302ed4184","hash":"6fca20316f0f40e7bc2260ca8f391ffd3c823f52","contentHash":"f25a6030cd38ade8bd026d5b51a33644d51a16407b5fad20c5c692f10d842d5d"}
,"/home/luoxi/work/luoxigit/egg-kafka-js/lib/client.js": {"path":"/home/luoxi/work/luoxigit/egg-kafka-js/lib/client.js","statementMap":{"0":{"start":{"line":3,"column":14},"end":{"line":3,"column":35}},"1":{"start":{"line":10,"column":0},"end":{"line":12,"column":2}},"2":{"start":{"line":11,"column":2},"end":{"line":11,"column":43}}},"fnMap":{"0":{"name":"(anonymous_0)","decl":{"start":{"line":10,"column":17},"end":{"line":10,"column":18}},"loc":{"start":{"line":10,"column":38},"end":{"line":12,"column":1}},"line":10}},"branchMap":{},"s":{"0":1,"1":1,"2":2},"f":{"0":2},"b":{},"_coverageSchema":"43e27e138ebf9cfc5966b082cf9a028302ed4184","hash":"6828486e2d8e510c086344bdc78151dac9cd361b","contentHash":"3bbe1310daf280eee088bcb0329252abd8ae91538fb1c2b427e6bbfdc3635bb5"}
,"/home/luoxi/work/luoxigit/egg-kafka-js/lib/index.js": {"path":"/home/luoxi/work/luoxigit/egg-kafka-js/lib/index.js","statementMap":{"0":{"start":{"line":3,"column":20},"end":{"line":3,"column":39}},"1":{"start":{"line":4,"column":24},"end":{"line":4,"column":45}},"2":{"start":{"line":6,"column":0},"end":{"line":8,"column":2}},"3":{"start":{"line":7,"column":2},"end":{"line":7,"column":45}},"4":{"start":{"line":11,"column":2},"end":{"line":11,"column":47}},"5":{"start":{"line":12,"column":2},"end":{"line":12,"column":64}},"6":{"start":{"line":14,"column":17},"end":{"line":14,"column":56}},"7":{"start":{"line":31,"column":4},"end":{"line":33,"column":5}},"8":{"start":{"line":32,"column":6},"end":{"line":32,"column":62}},"9":{"start":{"line":34,"column":4},"end":{"line":34,"column":51}},"10":{"start":{"line":37,"column":17},"end":{"line":40,"column":3}},"11":{"start":{"line":42,"column":2},"end":{"line":42,"column":16}}},"fnMap":{"0":{"name":"(anonymous_0)","decl":{"start":{"line":6,"column":17},"end":{"line":6,"column":18}},"loc":{"start":{"line":6,"column":24},"end":{"line":8,"column":1}},"line":6},"1":{"name":"createOneClient","decl":{"start":{"line":10,"column":9},"end":{"line":10,"column":24}},"loc":{"start":{"line":10,"column":38},"end":{"line":43,"column":1}},"line":10},"2":{"name":"producer","decl":{"start":{"line":30,"column":11},"end":{"line":30,"column":19}},"loc":{"start":{"line":30,"column":29},"end":{"line":35,"column":3}},"line":30}},"branchMap":{"0":{"loc":{"start":{"line":11,"column":16},"end":{"line":11,"column":46}},"type":"cond-expr","locations":[{"start":{"line":11,"column":30},"end":{"line":11,"column":41}},{"start":{"line":11,"column":44},"end":{"line":11,"column":46}}],"line":11},"1":{"loc":{"start":{"line":31,"column":4},"end":{"line":33,"column":5}},"type":"if","locations":[{"start":{"line":31,"column":4},"end":{"line":33,"column":5}},{"start":{"line":31,"column":4},"end":{"line":33,"column":5}}],"line":31}},"s":{"0":1,"1":1,"2":1,"3":2,"4":2,"5":2,"6":2,"7":1,"8":0,"9":1,"10":2,"11":2},"f":{"0":2,"1":2,"2":1},"b":{"0":[2,0],"1":[0,1]},"_coverageSchema":"43e27e138ebf9cfc5966b082cf9a028302ed4184","hash":"88e2db2981c20b00043c9722a4c92bfe5b1c6305","contentHash":"e9d726e9eecaea8431832eb78f4b0ed0202e2804673653ec1a9dc7295c87ed5b"}
,"/home/luoxi/work/luoxigit/egg-kafka-js/lib/producer.js": {"path":"/home/luoxi/work/luoxigit/egg-kafka-js/lib/producer.js","statementMap":{"0":{"start":{"line":3,"column":17},"end":{"line":3,"column":47}},"1":{"start":{"line":4,"column":16},"end":{"line":4,"column":35}},"2":{"start":{"line":6,"column":23},"end":{"line":17,"column":1}},"3":{"start":{"line":7,"column":14},"end":{"line":7,"column":35}},"4":{"start":{"line":8,"column":2},"end":{"line":8,"column":31}},"5":{"start":{"line":9,"column":2},"end":{"line":9,"column":49}},"6":{"start":{"line":10,"column":2},"end":{"line":10,"column":63}},"7":{"start":{"line":11,"column":2},"end":{"line":13,"column":5}},"8":{"start":{"line":12,"column":4},"end":{"line":12,"column":48}},"9":{"start":{"line":14,"column":2},"end":{"line":16,"column":5}},"10":{"start":{"line":15,"column":4},"end":{"line":15,"column":19}},"11":{"start":{"line":23,"column":0},"end":{"line":25,"column":2}},"12":{"start":{"line":24,"column":2},"end":{"line":24,"column":23}},"13":{"start":{"line":27,"column":0},"end":{"line":29,"column":2}},"14":{"start":{"line":28,"column":2},"end":{"line":28,"column":48}}},"fnMap":{"0":{"name":"(anonymous_0)","decl":{"start":{"line":6,"column":23},"end":{"line":6,"column":24}},"loc":{"start":{"line":6,"column":41},"end":{"line":17,"column":1}},"line":6},"1":{"name":"(anonymous_1)","decl":{"start":{"line":11,"column":38},"end":{"line":11,"column":39}},"loc":{"start":{"line":11,"column":49},"end":{"line":13,"column":3}},"line":11},"2":{"name":"(anonymous_2)","decl":{"start":{"line":14,"column":38},"end":{"line":14,"column":39}},"loc":{"start":{"line":14,"column":52},"end":{"line":16,"column":3}},"line":14},"3":{"name":"(anonymous_3)","decl":{"start":{"line":23,"column":36},"end":{"line":23,"column":37}},"loc":{"start":{"line":23,"column":47},"end":{"line":25,"column":1}},"line":23},"4":{"name":"(anonymous_4)","decl":{"start":{"line":27,"column":17},"end":{"line":27,"column":18}},"loc":{"start":{"line":27,"column":35},"end":{"line":29,"column":1}},"line":27}},"branchMap":{},"s":{"0":1,"1":1,"2":1,"3":1,"4":1,"5":1,"6":1,"7":1,"8":1,"9":1,"10":0,"11":1,"12":1,"13":1,"14":1},"f":{"0":1,"1":1,"2":0,"3":1,"4":1},"b":{},"_coverageSchema":"43e27e138ebf9cfc5966b082cf9a028302ed4184","hash":"00333440f5f414fe2fa4bde32535d3a22a98ec42","contentHash":"0bb9e0d4d345c945933cfdccf2e6ae982cddd85e2350fe60b95cb408305b966c"}
}
