TN:
SF:/home/luoxi/work/luoxigit/egg-kafka-js/agent.js
FN:5,(anonymous_0)
FNF:1
FNH:1
FNDA:1,(anonymous_0)
DA:3,1
DA:5,1
DA:6,1
LF:3
LH:3
BRDA:6,0,0,1
BRDA:6,0,1,0
BRF:2
BRH:1
end_of_record
TN:
SF:/home/luoxi/work/luoxigit/egg-kafka-js/app.js
FN:5,(anonymous_0)
FNF:1
FNH:1
FNDA:1,(anonymous_0)
DA:3,1
DA:5,1
DA:6,1
LF:3
LH:3
BRDA:6,0,0,1
BRDA:6,0,1,0
BRF:2
BRH:1
end_of_record
TN:
SF:/home/luoxi/work/luoxigit/egg-kafka-js/config/config.default.js
FNF:0
FNH:0
DA:8,1
LF:1
LH:1
BRF:0
BRH:0
end_of_record
TN:
SF:/home/luoxi/work/luoxigit/egg-kafka-js/lib/client.js
FN:10,(anonymous_0)
FNF:1
FNH:1
FNDA:2,(anonymous_0)
DA:3,1
DA:10,1
DA:11,2
LF:3
LH:3
BRF:0
BRH:0
end_of_record
TN:
SF:/home/luoxi/work/luoxigit/egg-kafka-js/lib/index.js
FN:6,(anonymous_0)
FN:10,createOneClient
FN:30,producer
FNF:3
FNH:3
FNDA:2,(anonymous_0)
FNDA:2,createOneClient
FNDA:1,producer
DA:3,1
DA:4,1
DA:6,1
DA:7,2
DA:11,2
DA:12,2
DA:14,2
DA:31,1
DA:32,0
DA:34,1
DA:37,2
DA:42,2
LF:12
LH:11
BRDA:11,0,0,2
BRDA:11,0,1,0
BRDA:31,1,0,0
BRDA:31,1,1,1
BRF:4
BRH:2
end_of_record
TN:
SF:/home/luoxi/work/luoxigit/egg-kafka-js/lib/producer.js
FN:6,(anonymous_0)
FN:11,(anonymous_1)
FN:14,(anonymous_2)
FN:23,(anonymous_3)
FN:27,(anonymous_4)
FNF:5
FNH:4
FNDA:1,(anonymous_0)
FNDA:1,(anonymous_1)
FNDA:0,(anonymous_2)
FNDA:1,(anonymous_3)
FNDA:1,(anonymous_4)
DA:3,1
DA:4,1
DA:6,1
DA:7,1
DA:8,1
DA:9,1
DA:10,1
DA:11,1
DA:12,1
DA:14,1
DA:15,0
DA:23,1
DA:24,1
DA:27,1
DA:28,1
LF:15
LH:14
BRF:0
BRH:0
end_of_record
